write intervals: 
$VAR1 = {
          '6' => 1,
          '1' => 3803,
          '2' => 109
        };
retention times: 
$VAR1 = {
          '33' => 15635,
          '32' => 19621,
          '90' => 5524,
          '63' => 10608,
          '21' => 42113,
          '118' => 3,
          '71' => 16505,
          '102' => 3225,
          '7' => 51890,
          '80' => 3986,
          '26' => 32127,
          '99' => 5272,
          '18' => 44409,
          '72' => 18690,
          '16' => 48763,
          '44' => 11895,
          '55' => 2167,
          '84' => 5426,
          '74' => 9217,
          '27' => 39942,
          '95' => 4179,
          '57' => 13312,
          '61' => 9591,
          '108' => 3440,
          '20' => 42616,
          '109' => 2740,
          '92' => 11757,
          '103' => 8928,
          '89' => 7386,
          '10' => 44717,
          '31' => 14910,
          '113' => 98,
          '35' => 13210,
          '11' => 40478,
          '91' => 4642,
          '78' => 5219,
          '107' => 8581,
          '48' => 12453,
          '87' => 10591,
          '93' => 10534,
          '77' => 12335,
          '106' => 9999,
          '65' => 17311,
          '29' => 31983,
          '50' => 4019,
          '39' => 3672,
          '64' => 9093,
          '97' => 7299,
          '114' => 174,
          '58' => 4296,
          '41' => 4724,
          '12' => 45023,
          '15' => 42396,
          '81' => 6080,
          '52' => 3066,
          '60' => 9408,
          '56' => 6742,
          '101' => 3468,
          '73' => 9519,
          '66' => 11094,
          '45' => 12025,
          '86' => 7324,
          '76' => 7390,
          '19' => 41246,
          '62' => 22039,
          '54' => 2302,
          '67' => 11236,
          '70' => 10083,
          '68' => 21020,
          '2' => 12005,
          '17' => 40615,
          '1' => 108,
          '116' => 1,
          '88' => 7906,
          '30' => 13665,
          '100' => 7633,
          '110' => 8366,
          '82' => 6611,
          '25' => 36254,
          '120' => 1,
          '28' => 37756,
          '83' => 7596,
          '75' => 9137,
          '40' => 8126,
          '14' => 48972,
          '69' => 16563,
          '59' => 22013,
          '49' => 3972,
          '24' => 43523,
          '104' => 8138,
          '53' => 1932,
          '121' => 2,
          '79' => 7377,
          '22' => 45982,
          '42' => 9048,
          '0' => 291115,
          '46' => 3191,
          '23' => 41146,
          '13' => 43063,
          '105' => 7963,
          '96' => 6338,
          '6' => 41402,
          '85' => 7127,
          '3' => 39538,
          '36' => 5542,
          '94' => 8512,
          '111' => 2939,
          '9' => 42525,
          '51' => 4020,
          '47' => 1981,
          '8' => 45396,
          '38' => 6452,
          '98' => 8330,
          '4' => 48879,
          '34' => 22570,
          '37' => 3968,
          '117' => 99,
          '43' => 13210,
          '5' => 50496
        };
