write intervals: 
$VAR1 = {
          '1' => 2,
          '71' => 1,
          '3' => 2,
          '2' => 5
        };
retention times: 
$VAR1 = {
          '6' => 1427304,
          '3' => 2030291,
          '7' => 1315978,
          '80' => 314,
          '51' => 192,
          '9' => 1065360,
          '2' => 2214972,
          '79' => 819,
          '38' => 263,
          '8' => 1191500,
          '1' => 2278889,
          '4' => 2747396,
          '0' => 2253268,
          '10' => 556185,
          '5' => 1745617
        };
