write intervals: 
$VAR1 = {
          '1' => 21158,
          '2' => 23
        };
retention times: 
$VAR1 = {
          '11' => 28708,
          '21' => 1915,
          '7' => 136567,
          '17' => 20436,
          '2' => 439554,
          '22' => 1175,
          '1' => 825070,
          '18' => 14443,
          '0' => 1882152,
          '23' => 470,
          '16' => 9195,
          '13' => 18288,
          '6' => 124346,
          '3' => 307044,
          '9' => 75043,
          '12' => 23811,
          '20' => 9417,
          '14' => 17016,
          '15' => 24635,
          '8' => 90572,
          '4' => 234239,
          '19' => 11295,
          '10' => 36794,
          '5' => 159247
        };
