write intervals: 
$VAR1 = {
          '1' => 56253,
          '2' => 167
        };
retention times: 
$VAR1 = {
          '127' => 6750,
          '32' => 59777,
          '90' => 9485,
          '118' => 7866,
          '71' => 29605,
          '102' => 10419,
          '18' => 521831,
          '125' => 51218,
          '16' => 398067,
          '44' => 32290,
          '55' => 31856,
          '84' => 9858,
          '27' => 100269,
          '161' => 21926,
          '95' => 9940,
          '57' => 27496,
          '20' => 391226,
          '163' => 16085,
          '109' => 8881,
          '151' => 4613,
          '89' => 133370,
          '148' => 33911,
          '31' => 65499,
          '35' => 150638,
          '11' => 530510,
          '78' => 11252,
          '93' => 14060,
          '106' => 12524,
          '157' => 4078,
          '65' => 24576,
          '29' => 114494,
          '138' => 7413,
          '114' => 45102,
          '58' => 29077,
          '153' => 6205,
          '15' => 449727,
          '137' => 6200,
          '81' => 9556,
          '60' => 41011,
          '101' => 46550,
          '73' => 42206,
          '86' => 8507,
          '76' => 106334,
          '62' => 56639,
          '67' => 22413,
          '165' => 3322,
          '139' => 9289,
          '129' => 34156,
          '2' => 2177836,
          '17' => 467499,
          '110' => 14966,
          '82' => 9459,
          '147' => 42802,
          '135' => 7375,
          '14' => 426972,
          '112' => 14759,
          '69' => 644938,
          '145' => 3410,
          '49' => 26798,
          '24' => 353647,
          '140' => 9241,
          '124' => 57205,
          '104' => 6645,
          '131' => 10087,
          '121' => 8297,
          '79' => 10167,
          '154' => 5297,
          '0' => 7825520,
          '23' => 227056,
          '96' => 10838,
          '126' => 23736,
          '159' => 5752,
          '160' => 3869,
          '47' => 31970,
          '8' => 664126,
          '98' => 4331,
          '37' => 280066,
          '117' => 13491,
          '43' => 41648,
          '5' => 996061,
          '33' => 60687,
          '21' => 350469,
          '63' => 19115,
          '7' => 722121,
          '26' => 84901,
          '80' => 11401,
          '119' => 7615,
          '99' => 18380,
          '162' => 3725,
          '72' => 977238,
          '74' => 14784,
          '61' => 101857,
          '108' => 10801,
          '115' => 12784,
          '92' => 15942,
          '103' => 7754,
          '10' => 568054,
          '113' => 11201,
          '152' => 7783,
          '142' => 8943,
          '91' => 9490,
          '167' => 19988,
          '48' => 35827,
          '107' => 14896,
          '87' => 8774,
          '77' => 61036,
          '133' => 8961,
          '149' => 24934,
          '123' => 34850,
          '50' => 28482,
          '39' => 41083,
          '64' => 23751,
          '97' => 7819,
          '12' => 482873,
          '41' => 42622,
          '52' => 83626,
          '56' => 28486,
          '45' => 78816,
          '66' => 24426,
          '19' => 527266,
          '54' => 36476,
          '70' => 35414,
          '68' => 24067,
          '166' => 3551,
          '1' => 3582602,
          '136' => 6948,
          '88' => 374063,
          '116' => 9600,
          '144' => 10441,
          '141' => 9752,
          '30' => 60354,
          '100' => 74195,
          '128' => 18114,
          '25' => 75029,
          '28' => 100237,
          '120' => 7409,
          '156' => 8415,
          '134' => 5873,
          '40' => 41662,
          '75' => 58744,
          '83' => 10425,
          '59' => 41635,
          '150' => 3815,
          '155' => 9308,
          '130' => 13636,
          '53' => 105537,
          '122' => 4955,
          '143' => 89361,
          '158' => 5170,
          '42' => 37525,
          '22' => 236949,
          '46' => 54062,
          '13' => 584099,
          '105' => 30430,
          '6' => 822126,
          '85' => 8996,
          '36' => 105366,
          '3' => 1578850,
          '94' => 13012,
          '146' => 23156,
          '51' => 53679,
          '9' => 596579,
          '111' => 12503,
          '38' => 390285,
          '4' => 1170145,
          '34' => 278716,
          '164' => 3754,
          '132' => 6944
        };
