write intervals: 
$VAR1 = {
          '11' => 1,
          '3' => 4,
          '9' => 1,
          '2' => 28,
          '20' => 1,
          '15' => 3,
          '4' => 3,
          '1' => 618,
          '18' => 2,
          '5' => 2
        };
retention times: 
$VAR1 = {
          '127' => 25372,
          '32' => 391,
          '90' => 20,
          '71' => 8,
          '102' => 7,
          '18' => 3226,
          '125' => 7914054,
          '16' => 1791,
          '44' => 3,
          '55' => 3,
          '27' => 4482,
          '161' => 7,
          '95' => 611,
          '57' => 5,
          '20' => 537,
          '109' => 3,
          '89' => 27,
          '148' => 8,
          '31' => 6,
          '35' => 2,
          '11' => 41,
          '29' => 7,
          '65' => 9,
          '138' => 93670,
          '15' => 1096,
          '137' => 2671,
          '81' => 3,
          '60' => 2,
          '101' => 6,
          '73' => 2,
          '76' => 25,
          '62' => 1,
          '165' => 110,
          '139' => 1283,
          '129' => 6,
          '2' => 42977,
          '17' => 5982,
          '82' => 1,
          '135' => 3374,
          '14' => 717,
          '112' => 6,
          '69' => 3,
          '145' => 3,
          '49' => 38,
          '24' => 12245,
          '124' => 9034288,
          '79' => 3,
          '121' => 20860,
          '0' => 7564,
          '23' => 2280,
          '96' => 40,
          '126' => 1923950,
          '47' => 19,
          '8' => 638,
          '98' => 27764,
          '37' => 23,
          '43' => 1,
          '5' => 449,
          '33' => 36,
          '21' => 4092,
          '7' => 4632,
          '26' => 35044,
          '119' => 8,
          '99' => 32,
          '72' => 449,
          '162' => 10585,
          '74' => 27799,
          '108' => 1,
          '115' => 7,
          '92' => 16510,
          '103' => 2,
          '10' => 67,
          '113' => 4,
          '142' => 5,
          '91' => 11264,
          '167' => 25,
          '48' => 11441,
          '107' => 2,
          '77' => 10,
          '133' => 3764,
          '123' => 1375226,
          '149' => 1,
          '50' => 27,
          '39' => 1,
          '64' => 6,
          '97' => 5,
          '12' => 224,
          '41' => 1,
          '52' => 3,
          '56' => 2,
          '66' => 22,
          '45' => 9,
          '19' => 181,
          '54' => 2,
          '70' => 6,
          '1' => 1922,
          '166' => 5,
          '88' => 14,
          '116' => 4,
          '136' => 10434,
          '30' => 131,
          '144' => 3,
          '100' => 5,
          '25' => 13,
          '128' => 18782,
          '28' => 466,
          '120' => 15,
          '75' => 4,
          '40' => 2,
          '134' => 1694,
          '150' => 1,
          '53' => 1,
          '122' => 218680,
          '22' => 6378,
          '42' => 6,
          '46' => 12,
          '13' => 158,
          '105' => 5,
          '6' => 6672,
          '3' => 2995,
          '36' => 1,
          '94' => 8,
          '51' => 1,
          '9' => 159,
          '146' => 27334,
          '38' => 1,
          '4' => 326,
          '34' => 4,
          '132' => 89743,
          '164' => 22
        };
