@@@@@@@@@@ cur_hour: 0
@@@@@@@@@@ cur_hour: 136
@@@@@@@@@@ cur_hour: 168
write intervals: 
$VAR1 = {
          '6' => 1,
          '1' => 2689,
          '23' => 1,
          '2' => 140
        };
retention times: 
$VAR1 = {
          '127' => 88,
          '32' => 13187,
          '90' => 9295,
          '118' => 1694,
          '71' => 7140,
          '102' => 6507,
          '18' => 21130,
          '125' => 83,
          '16' => 25586,
          '44' => 4809,
          '55' => 10064,
          '84' => 7054,
          '27' => 15943,
          '161' => 5525,
          '95' => 7468,
          '57' => 14535,
          '20' => 21763,
          '163' => 6352,
          '109' => 5017,
          '151' => 9808,
          '89' => 4941,
          '148' => 7177,
          '31' => 6678,
          '35' => 2028,
          '11' => 22407,
          '78' => 7577,
          '93' => 4561,
          '106' => 3626,
          '157' => 6395,
          '65' => 15205,
          '29' => 8416,
          '138' => 10851,
          '114' => 1206,
          '58' => 9933,
          '153' => 5894,
          '15' => 19540,
          '137' => 10932,
          '81' => 6662,
          '60' => 16760,
          '101' => 8643,
          '73' => 7490,
          '86' => 8082,
          '76' => 5371,
          '62' => 14863,
          '67' => 15629,
          '165' => 1142,
          '139' => 10477,
          '129' => 32,
          '2' => 23727,
          '17' => 22059,
          '110' => 3121,
          '82' => 10573,
          '147' => 9916,
          '135' => 2,
          '14' => 22928,
          '112' => 2212,
          '69' => 15054,
          '145' => 5464,
          '49' => 5119,
          '24' => 16299,
          '140' => 7024,
          '124' => 10,
          '104' => 6119,
          '121' => 190,
          '79' => 7883,
          '154' => 7375,
          '0' => 231296,
          '23' => 18235,
          '96' => 4607,
          '126' => 3,
          '159' => 9235,
          '160' => 5470,
          '47' => 3960,
          '8' => 23668,
          '98' => 6042,
          '37' => 4900,
          '117' => 3589,
          '43' => 7878,
          '5' => 25861,
          '33' => 9635,
          '21' => 20185,
          '63' => 12354,
          '7' => 21040,
          '26' => 18841,
          '80' => 6990,
          '119' => 272,
          '99' => 2576,
          '162' => 6858,
          '72' => 7771,
          '74' => 6889,
          '61' => 7447,
          '108' => 6796,
          '115' => 3684,
          '92' => 6463,
          '103' => 8120,
          '10' => 21542,
          '113' => 1885,
          '152' => 6746,
          '142' => 7717,
          '91' => 6223,
          '167' => 1637,
          '48' => 1574,
          '107' => 2787,
          '87' => 8083,
          '77' => 7509,
          '149' => 7767,
          '123' => 89,
          '50' => 5652,
          '39' => 2438,
          '64' => 10508,
          '97' => 4929,
          '12' => 24136,
          '41' => 6443,
          '52' => 4922,
          '56' => 4596,
          '45' => 3264,
          '66' => 16923,
          '19' => 19912,
          '54' => 6095,
          '70' => 16840,
          '68' => 8363,
          '166' => 3352,
          '1' => 19368,
          '88' => 4426,
          '116' => 3633,
          '136' => 51146,
          '144' => 9310,
          '141' => 11220,
          '30' => 9169,
          '100' => 3167,
          '25' => 20416,
          '128' => 57,
          '28' => 7000,
          '120' => 25,
          '134' => 1,
          '156' => 9355,
          '40' => 4011,
          '75' => 11090,
          '83' => 7387,
          '59' => 11003,
          '150' => 6553,
          '155' => 4888,
          '130' => 1,
          '53' => 5092,
          '122' => 1,
          '143' => 6545,
          '158' => 5630,
          '42' => 9425,
          '22' => 22013,
          '46' => 10513,
          '13' => 21318,
          '105' => 5729,
          '6' => 22207,
          '85' => 7993,
          '36' => 3067,
          '3' => 23398,
          '94' => 5780,
          '146' => 6352,
          '51' => 4437,
          '9' => 20691,
          '111' => 2401,
          '38' => 6167,
          '4' => 19791,
          '34' => 6152,
          '164' => 3167,
          '132' => 84
        };
