write intervals: 
$VAR1 = {
          '1' => 75903,
          '2' => 166
        };
retention times: 
$VAR1 = {
          '127' => 4685,
          '32' => 204,
          '90' => 4932,
          '118' => 2320,
          '71' => 8360,
          '102' => 2221,
          '18' => 1458,
          '125' => 2897,
          '16' => 1983,
          '44' => 1468,
          '55' => 437,
          '84' => 214,
          '27' => 3707,
          '161' => 2875,
          '95' => 8051,
          '57' => 322,
          '20' => 1670,
          '163' => 135,
          '109' => 1722,
          '151' => 1459,
          '89' => 5354,
          '148' => 1020,
          '31' => 461,
          '35' => 569,
          '11' => 6707,
          '78' => 401,
          '93' => 2552,
          '106' => 1531,
          '157' => 1012,
          '65' => 158,
          '29' => 1173,
          '138' => 14297,
          '114' => 4943,
          '58' => 966,
          '153' => 5868,
          '15' => 2153,
          '137' => 12803,
          '81' => 1165,
          '60' => 328,
          '101' => 8504,
          '73' => 552,
          '86' => 7334,
          '76' => 2633,
          '62' => 1456,
          '67' => 60,
          '165' => 1187,
          '139' => 4165,
          '129' => 2224,
          '2' => 124568,
          '17' => 5216,
          '110' => 3371,
          '82' => 140,
          '147' => 9651,
          '135' => 6825,
          '14' => 2521,
          '112' => 2065,
          '69' => 342,
          '145' => 374,
          '49' => 362,
          '24' => 3875,
          '140' => 13,
          '124' => 3994,
          '104' => 1769,
          '131' => 54,
          '121' => 724,
          '79' => 55,
          '154' => 24,
          '0' => 52531,
          '23' => 12308,
          '96' => 3155,
          '126' => 3830,
          '159' => 39,
          '160' => 175,
          '47' => 399,
          '8' => 4388,
          '98' => 103887,
          '37' => 190,
          '117' => 1616,
          '43' => 281,
          '5' => 4907,
          '33' => 605,
          '21' => 10322,
          '63' => 1250,
          '7' => 6746,
          '26' => 3239,
          '80' => 1140,
          '119' => 12850,
          '99' => 3583,
          '162' => 354,
          '72' => 389,
          '74' => 101188,
          '61' => 187,
          '108' => 1464,
          '115' => 1758,
          '92' => 4060,
          '103' => 1472,
          '10' => 4730,
          '113' => 13576,
          '152' => 9474,
          '142' => 277,
          '91' => 4085,
          '167' => 4290,
          '48' => 5921,
          '107' => 5416,
          '87' => 476,
          '77' => 1847,
          '133' => 11559,
          '149' => 5114,
          '123' => 4032,
          '50' => 542,
          '39' => 866,
          '64' => 6258,
          '97' => 10587,
          '12' => 2150,
          '41' => 322,
          '52' => 1518,
          '56' => 142,
          '45' => 580,
          '66' => 3372,
          '19' => 2356,
          '54' => 831,
          '70' => 110,
          '68' => 691,
          '166' => 280,
          '1' => 52148,
          '136' => 8563,
          '88' => 8794,
          '116' => 1718,
          '144' => 14,
          '141' => 397,
          '30' => 209057,
          '100' => 3392,
          '128' => 10120,
          '25' => 1056,
          '28' => 7413,
          '120' => 1314,
          '156' => 115,
          '134' => 8209,
          '40' => 4929,
          '75' => 7245,
          '83' => 80,
          '59' => 620,
          '150' => 285,
          '155' => 324,
          '130' => 105,
          '53' => 859,
          '122' => 103700,
          '143' => 28,
          '158' => 1485,
          '42' => 236,
          '22' => 2084,
          '46' => 4107,
          '13' => 5753,
          '105' => 1767,
          '6' => 4218,
          '85' => 1419,
          '36' => 542,
          '3' => 15964,
          '94' => 9603,
          '146' => 101952,
          '51' => 2653,
          '9' => 11398,
          '111' => 1733,
          '38' => 1870,
          '4' => 11382,
          '34' => 2137,
          '164' => 346,
          '132' => 4722
        };
