write intervals: 
$VAR1 = {
          '1' => 35133,
          '2' => 167
        };
retention times: 
$VAR1 = {
          '127' => 181,
          '32' => 616,
          '90' => 3868,
          '118' => 2846,
          '71' => 2202,
          '102' => 313135,
          '18' => 7670,
          '125' => 717,
          '16' => 9586,
          '44' => 259,
          '55' => 691,
          '84' => 57,
          '27' => 5108,
          '161' => 5336,
          '95' => 172,
          '57' => 270,
          '20' => 2498,
          '163' => 2244,
          '109' => 420,
          '151' => 11948,
          '89' => 4853,
          '148' => 3671,
          '31' => 3666,
          '35' => 158,
          '11' => 2131,
          '78' => 243,
          '93' => 23563,
          '106' => 2853,
          '157' => 69617,
          '65' => 3066,
          '29' => 2923,
          '138' => 3367,
          '114' => 5391,
          '58' => 2972,
          '153' => 1089,
          '15' => 3327,
          '137' => 8814,
          '81' => 481,
          '60' => 383,
          '101' => 9423,
          '73' => 284,
          '86' => 2129,
          '76' => 2657,
          '62' => 1598,
          '67' => 647,
          '165' => 16998,
          '139' => 16529,
          '129' => 217,
          '2' => 162061,
          '17' => 9608,
          '110' => 5789,
          '82' => 3488,
          '147' => 2925,
          '135' => 3087,
          '14' => 6527,
          '112' => 2203,
          '69' => 8480,
          '145' => 1668,
          '49' => 1637,
          '24' => 12130,
          '140' => 2534,
          '124' => 2955,
          '104' => 1724,
          '131' => 17,
          '121' => 2294,
          '79' => 423,
          '154' => 1494,
          '0' => 206574,
          '23' => 4407,
          '96' => 3259,
          '126' => 1683,
          '159' => 1527,
          '160' => 332,
          '47' => 312,
          '8' => 3360,
          '98' => 121,
          '37' => 183,
          '117' => 15089,
          '43' => 604,
          '5' => 7619,
          '33' => 1028,
          '21' => 22038,
          '63' => 2165,
          '7' => 2649,
          '26' => 142327,
          '80' => 109,
          '119' => 4529,
          '99' => 4284,
          '162' => 5743,
          '72' => 548,
          '74' => 141513,
          '61' => 237,
          '108' => 834,
          '115' => 2545,
          '92' => 5777,
          '103' => 948,
          '10' => 4224,
          '113' => 13226,
          '152' => 483,
          '142' => 2119,
          '91' => 5980,
          '167' => 617,
          '48' => 358,
          '107' => 593,
          '87' => 2050,
          '77' => 656,
          '133' => 142,
          '149' => 4304,
          '123' => 2901,
          '50' => 569,
          '39' => 987,
          '64' => 913,
          '97' => 1757,
          '12' => 2733,
          '41' => 3259,
          '52' => 2962,
          '56' => 98,
          '45' => 8686,
          '66' => 221,
          '19' => 7529,
          '54' => 165,
          '70' => 312,
          '68' => 168,
          '166' => 12962,
          '1' => 67584,
          '136' => 3845,
          '88' => 304,
          '116' => 1128,
          '144' => 1160,
          '141' => 17325,
          '30' => 746,
          '100' => 2920,
          '128' => 46,
          '25' => 4290,
          '28' => 4123,
          '120' => 1854,
          '156' => 29,
          '134' => 1675,
          '40' => 1157,
          '75' => 817,
          '83' => 114,
          '59' => 211,
          '150' => 385,
          '155' => 8,
          '130' => 2543,
          '53' => 854,
          '122' => 130407,
          '143' => 1919,
          '158' => 1664,
          '42' => 535,
          '22' => 2439,
          '46' => 410,
          '13' => 1297,
          '105' => 2032,
          '6' => 2161,
          '85' => 427,
          '36' => 605,
          '3' => 15066,
          '94' => 1103,
          '146' => 127891,
          '51' => 493,
          '9' => 2551,
          '111' => 524,
          '38' => 1561,
          '4' => 27964,
          '34' => 3290,
          '164' => 9246,
          '132' => 114
        };
