write intervals: 
$VAR1 = {
          '1' => 15580,
          '2' => 168
        };
retention times: 
$VAR1 = {
          '127' => 2082,
          '32' => 11860,
          '90' => 452,
          '118' => 1293,
          '71' => 3212,
          '102' => 25300,
          '18' => 3323,
          '125' => 26,
          '16' => 3137,
          '44' => 1007,
          '55' => 2970,
          '84' => 836,
          '27' => 2720,
          '161' => 25735,
          '95' => 38383,
          '57' => 1656,
          '20' => 4036,
          '163' => 1962,
          '109' => 2929,
          '151' => 25948,
          '89' => 810,
          '148' => 152,
          '31' => 4790,
          '35' => 6975,
          '11' => 16020,
          '78' => 371,
          '93' => 11734,
          '106' => 14991,
          '157' => 1086,
          '65' => 2679,
          '29' => 2681,
          '138' => 93,
          '114' => 907,
          '58' => 8682,
          '153' => 1701,
          '15' => 8056,
          '137' => 738,
          '81' => 23912,
          '60' => 1607,
          '101' => 47249,
          '73' => 2151,
          '86' => 2585,
          '76' => 2180,
          '62' => 5912,
          '67' => 1798,
          '165' => 473,
          '139' => 1240,
          '129' => 652,
          '2' => 34341,
          '17' => 2453,
          '110' => 19234,
          '82' => 10661,
          '147' => 27919,
          '168' => 338,
          '135' => 1171,
          '14' => 17920,
          '112' => 1133,
          '69' => 1581,
          '145' => 695,
          '49' => 1339,
          '24' => 59237,
          '140' => 1570,
          '124' => 154,
          '104' => 9294,
          '131' => 9333,
          '121' => 2359,
          '79' => 3361,
          '154' => 13277,
          '0' => 523522,
          '23' => 5801,
          '96' => 20799,
          '126' => 1132,
          '159' => 918,
          '160' => 783,
          '47' => 5458,
          '8' => 26044,
          '98' => 3782,
          '37' => 1067,
          '117' => 1214,
          '43' => 2640,
          '5' => 18041,
          '33' => 3026,
          '21' => 40347,
          '63' => 3184,
          '7' => 19700,
          '26' => 36055,
          '80' => 8688,
          '119' => 2366,
          '99' => 1185,
          '162' => 4998,
          '72' => 26110,
          '74' => 284,
          '61' => 23227,
          '108' => 316,
          '115' => 2017,
          '92' => 808,
          '103' => 5844,
          '10' => 13155,
          '113' => 18641,
          '152' => 7662,
          '142' => 2928,
          '91' => 756,
          '167' => 3333,
          '48' => 3529,
          '107' => 4269,
          '87' => 6484,
          '77' => 682,
          '133' => 880,
          '149' => 41,
          '123' => 29409,
          '50' => 1131,
          '39' => 1961,
          '64' => 3362,
          '97' => 38787,
          '12' => 3209,
          '41' => 39263,
          '52' => 926,
          '56' => 9484,
          '45' => 2525,
          '66' => 1689,
          '19' => 6501,
          '54' => 2345,
          '70' => 791,
          '68' => 2872,
          '166' => 194,
          '1' => 98668,
          '136' => 177,
          '88' => 539,
          '116' => 510,
          '144' => 1418,
          '141' => 415,
          '30' => 3015,
          '100' => 5959,
          '128' => 7017,
          '25' => 2431,
          '28' => 5582,
          '120' => 34626,
          '156' => 140,
          '134' => 7373,
          '40' => 1035,
          '75' => 25257,
          '83' => 4937,
          '59' => 4336,
          '150' => 20,
          '155' => 4020,
          '130' => 11540,
          '53' => 2372,
          '122' => 118,
          '143' => 26930,
          '158' => 3159,
          '42' => 4740,
          '22' => 4613,
          '46' => 1957,
          '13' => 3998,
          '105' => 741,
          '6' => 16675,
          '85' => 621,
          '36' => 913,
          '3' => 53643,
          '94' => 129045,
          '146' => 78,
          '51' => 1959,
          '9' => 11480,
          '111' => 3992,
          '38' => 5727,
          '4' => 13151,
          '34' => 12371,
          '164' => 1496,
          '132' => 1039
        };
