write intervals: 
$VAR1 = {
          '1' => 429847,
          '2' => 167
        };
retention times: 
$VAR1 = {
          '127' => 454473,
          '32' => 450964,
          '90' => 425239,
          '118' => 492686,
          '71' => 430130,
          '102' => 428170,
          '18' => 466860,
          '125' => 471935,
          '16' => 463759,
          '44' => 432240,
          '55' => 406923,
          '84' => 428940,
          '27' => 448240,
          '161' => 455428,
          '95' => 427243,
          '57' => 427195,
          '20' => 461975,
          '163' => 444712,
          '109' => 425305,
          '151' => 467427,
          '89' => 430168,
          '148' => 453350,
          '31' => 445578,
          '35' => 442893,
          '11' => 460078,
          '78' => 427517,
          '93' => 428157,
          '106' => 428716,
          '157' => 457925,
          '65' => 429016,
          '29' => 452776,
          '138' => 463415,
          '114' => 422811,
          '58' => 431348,
          '153' => 457867,
          '15' => 466114,
          '137' => 467003,
          '81' => 425524,
          '60' => 430520,
          '101' => 428602,
          '73' => 428962,
          '86' => 416675,
          '76' => 432571,
          '62' => 430314,
          '67' => 428756,
          '165' => 445024,
          '139' => 462279,
          '129' => 466493,
          '2' => 474739,
          '17' => 459334,
          '110' => 419801,
          '82' => 427659,
          '147' => 459549,
          '135' => 468581,
          '14' => 460795,
          '112' => 425426,
          '69' => 435446,
          '145' => 456598,
          '49' => 437829,
          '24' => 455048,
          '140' => 464233,
          '124' => 472109,
          '104' => 430161,
          '131' => 471695,
          '121' => 476960,
          '79' => 429306,
          '154' => 454471,
          '0' => 117289453,
          '23' => 458578,
          '96' => 422681,
          '126' => 469855,
          '159' => 441571,
          '160' => 451238,
          '47' => 434818,
          '8' => 464451,
          '98' => 422163,
          '37' => 446986,
          '117' => 418100,
          '43' => 441131,
          '5' => 472761,
          '33' => 448502,
          '21' => 527501,
          '63' => 420727,
          '7' => 471509,
          '26' => 455754,
          '80' => 427701,
          '119' => 562796,
          '99' => 429803,
          '162' => 451842,
          '72' => 425363,
          '74' => 426845,
          '61' => 431112,
          '108' => 424142,
          '115' => 421962,
          '92' => 430074,
          '103' => 412971,
          '10' => 463887,
          '113' => 422369,
          '152' => 455256,
          '142' => 457225,
          '91' => 424125,
          '167' => 446392,
          '48' => 434239,
          '107' => 423492,
          '87' => 417164,
          '77' => 431136,
          '133' => 467625,
          '149' => 454723,
          '123' => 479521,
          '50' => 433932,
          '39' => 440862,
          '64' => 432813,
          '97' => 431968,
          '12' => 465486,
          '41' => 441485,
          '52' => 430812,
          '56' => 432441,
          '45' => 434833,
          '66' => 426090,
          '19' => 466268,
          '54' => 431006,
          '70' => 426825,
          '68' => 426066,
          '166' => 434275,
          '1' => 2412998,
          '136' => 465084,
          '88' => 425315,
          '116' => 423809,
          '144' => 465523,
          '141' => 463135,
          '30' => 452306,
          '100' => 427546,
          '128' => 454989,
          '25' => 457187,
          '28' => 450599,
          '120' => 478058,
          '156' => 458708,
          '134' => 454108,
          '40' => 437894,
          '75' => 432022,
          '83' => 427150,
          '59' => 432620,
          '150' => 460629,
          '155' => 459727,
          '130' => 462245,
          '53' => 435510,
          '122' => 476034,
          '143' => 461350,
          '158' => 441107,
          '42' => 437781,
          '22' => 463467,
          '46' => 434541,
          '13' => 457636,
          '105' => 422358,
          '6' => 472668,
          '85' => 425977,
          '36' => 441233,
          '3' => 479289,
          '94' => 428754,
          '146' => 455341,
          '51' => 431444,
          '9' => 466635,
          '111' => 419507,
          '38' => 440874,
          '4' => 478231,
          '34' => 442381,
          '164' => 447623,
          '132' => 455914
        };
