write intervals: 
$VAR1 = {
          '1' => 5427,
          '2' => 165
        };
retention times: 
$VAR1 = {
          '127' => 1145,
          '32' => 3,
          '118' => 141,
          '71' => 1979,
          '102' => 22,
          '18' => 3244,
          '16' => 308,
          '44' => 73,
          '55' => 562,
          '84' => 1,
          '27' => 27,
          '161' => 80,
          '95' => 1449,
          '57' => 4,
          '20' => 877,
          '89' => 921,
          '31' => 314,
          '35' => 109,
          '11' => 195,
          '78' => 10,
          '93' => 4275,
          '106' => 151,
          '157' => 78,
          '65' => 841,
          '29' => 271,
          '138' => 35,
          '114' => 77,
          '58' => 2,
          '153' => 6,
          '15' => 23,
          '81' => 235,
          '60' => 6,
          '101' => 197,
          '73' => 598,
          '86' => 17,
          '76' => 382833,
          '62' => 28,
          '67' => 1,
          '139' => 730,
          '129' => 1,
          '17' => 187,
          '2' => 175,
          '82' => 326,
          '147' => 5905,
          '135' => 4,
          '14' => 400,
          '69' => 47,
          '49' => 189,
          '24' => 251,
          '121' => 5,
          '154' => 1,
          '0' => 14231,
          '23' => 1065,
          '126' => 8,
          '47' => 962,
          '8' => 313,
          '37' => 6,
          '43' => 10,
          '5' => 929,
          '33' => 19,
          '21' => 1846,
          '63' => 1,
          '7' => 1938,
          '80' => 21,
          '26' => 220,
          '119' => 4407,
          '99' => 282,
          '72' => 122,
          '74' => 8,
          '61' => 25,
          '115' => 593,
          '92' => 19,
          '10' => 117,
          '113' => 111,
          '152' => 3212,
          '142' => 1,
          '91' => 1248,
          '167' => 1065,
          '48' => 395,
          '77' => 24,
          '133' => 271,
          '50' => 86,
          '39' => 524,
          '64' => 1301,
          '97' => 1711,
          '12' => 32,
          '41' => 2,
          '52' => 36,
          '56' => 18,
          '45' => 34,
          '66' => 43,
          '19' => 39,
          '54' => 20,
          '70' => 157,
          '68' => 142,
          '1' => 1080,
          '88' => 2,
          '116' => 276,
          '136' => 90,
          '30' => 45,
          '144' => 16,
          '141' => 1,
          '25' => 6594,
          '28' => 32,
          '120' => 10,
          '75' => 2039,
          '40' => 194,
          '83' => 1,
          '59' => 278,
          '150' => 267,
          '130' => 1,
          '53' => 2,
          '143' => 928,
          '42' => 2520,
          '22' => 49,
          '158' => 1,
          '46' => 3018,
          '13' => 8,
          '105' => 1575,
          '6' => 214,
          '85' => 2584,
          '3' => 4416,
          '36' => 1,
          '94' => 235,
          '51' => 473,
          '9' => 348,
          '38' => 6,
          '4' => 2202,
          '34' => 114,
          '164' => 725
        };
