write intervals: 
$VAR1 = {};
retention times: 
$VAR1 = {
          '127' => 12998,
          '32' => 17453,
          '90' => 21506,
          '206' => 30208,
          '118' => 23552,
          '71' => 9092,
          '102' => 19338,
          '16' => 11319,
          '55' => 22505,
          '84' => 19243,
          '233' => 9508,
          '259' => 6950,
          '194' => 9888,
          '57' => 24360,
          '220' => 30212,
          '163' => 17857,
          '89' => 26019,
          '175' => 23813,
          '31' => 14953,
          '35' => 21260,
          '11' => 9865,
          '208' => 11877,
          '93' => 20392,
          '29' => 13419,
          '199' => 30215,
          '114' => 8451,
          '226' => 31232,
          '58' => 21637,
          '211' => 8511,
          '153' => 22112,
          '15' => 3785,
          '101' => 23076,
          '73' => 11400,
          '76' => 9252,
          '62' => 22933,
          '67' => 22412,
          '241' => 7075,
          '198' => 24474,
          '139' => 8292,
          '129' => 13059,
          '236' => 12871,
          '249' => 14499,
          '218' => 29704,
          '202' => 15239,
          '168' => 24709,
          '184' => 27395,
          '135' => 12675,
          '14' => 15099,
          '145' => 8385,
          '49' => 13708,
          '178' => 27842,
          '24' => 16175,
          '140' => 18472,
          '124' => 19331,
          '104' => 25602,
          '131' => 12588,
          '181' => 28769,
          '234' => 7815,
          '154' => 16034,
          '23' => 17972,
          '96' => 24646,
          '159' => 21192,
          '160' => 15300,
          '47' => 15880,
          '8' => 8931,
          '98' => 27109,
          '37' => 17549,
          '43' => 13103,
          '195' => 5464,
          '5' => 4984,
          '21' => 9513,
          '193' => 7466,
          '119' => 24458,
          '180' => 16359,
          '244' => 12487,
          '162' => 20617,
          '246' => 8960,
          '240' => 11393,
          '74' => 10924,
          '61' => 8274,
          '230' => 13603,
          '115' => 18309,
          '103' => 25107,
          '201' => 28163,
          '113' => 12643,
          '152' => 18766,
          '189' => 33918,
          '91' => 24294,
          '107' => 8310,
          '87' => 20102,
          '174' => 26977,
          '77' => 9958,
          '214' => 28297,
          '221' => 19333,
          '39' => 22920,
          '64' => 18859,
          '97' => 16390,
          '12' => 13183,
          '41' => 17614,
          '52' => 19177,
          '229' => 16770,
          '45' => 12644,
          '260' => 22987,
          '237' => 12161,
          '188' => 27026,
          '68' => 20931,
          '1' => 274,
          '136' => 12616,
          '116' => 25098,
          '144' => 15778,
          '100' => 19713,
          '222' => 15201,
          '25' => 14027,
          '120' => 15051,
          '83' => 17864,
          '254' => 12262,
          '177' => 19684,
          '217' => 23048,
          '239' => 11267,
          '122' => 18723,
          '143' => 12167,
          '205' => 26253,
          '158' => 16707,
          '42' => 19303,
          '22' => 15474,
          '46' => 9010,
          '235' => 9284,
          '6' => 6257,
          '36' => 20588,
          '213' => 27530,
          '183' => 24740,
          '94' => 19398,
          '51' => 20902,
          '169' => 15332,
          '132' => 13088,
          '171' => 23362,
          '200' => 25737,
          '18' => 11457,
          '125' => 9569,
          '44' => 11391,
          '27' => 16360,
          '161' => 22985,
          '190' => 31553,
          '95' => 19364,
          '20' => 14580,
          '109' => 26883,
          '231' => 10308,
          '243' => 10880,
          '151' => 22374,
          '148' => 18226,
          '78' => 8364,
          '106' => 10277,
          '157' => 17378,
          '65' => 13676,
          '197' => 6366,
          '203' => 27266,
          '261' => 11457,
          '138' => 12581,
          '81' => 17633,
          '137' => 9732,
          '60' => 18538,
          '86' => 23073,
          '247' => 12865,
          '204' => 30096,
          '165' => 18214,
          '17' => 12939,
          '2' => 1234,
          '186' => 15590,
          '82' => 23974,
          '110' => 17163,
          '147' => 21351,
          '228' => 26626,
          '69' => 19597,
          '112' => 25991,
          '172' => 16805,
          '191' => 1660,
          '224' => 9669,
          '187' => 29728,
          '223' => 20386,
          '79' => 18547,
          '121' => 16542,
          '212' => 30208,
          '126' => 12966,
          '238' => 12650,
          '251' => 13253,
          '253' => 10950,
          '176' => 26790,
          '209' => 14944,
          '216' => 11911,
          '256' => 12074,
          '117' => 20998,
          '170' => 26503,
          '33' => 19624,
          '63' => 23428,
          '7' => 7844,
          '80' => 11876,
          '26' => 18091,
          '227' => 26124,
          '99' => 18439,
          '72' => 9990,
          '179' => 23587,
          '255' => 13480,
          '182' => 24003,
          '108' => 27541,
          '92' => 23845,
          '232' => 12036,
          '10' => 8499,
          '225' => 29321,
          '142' => 15331,
          '207' => 16772,
          '167' => 24416,
          '48' => 17285,
          '133' => 19779,
          '123' => 26639,
          '149' => 18018,
          '50' => 15881,
          '210' => 15568,
          '258' => 14210,
          '173' => 23716,
          '56' => 20393,
          '66' => 26250,
          '19' => 15136,
          '54' => 22029,
          '70' => 19016,
          '166' => 25095,
          '88' => 16970,
          '30' => 13288,
          '141' => 20588,
          '128' => 8964,
          '252' => 11274,
          '28' => 13482,
          '75' => 15174,
          '40' => 19479,
          '134' => 13284,
          '156' => 26052,
          '192' => 8074,
          '250' => 12641,
          '59' => 19013,
          '215' => 30592,
          '150' => 7780,
          '130' => 7238,
          '155' => 16967,
          '53' => 22532,
          '245' => 12066,
          '219' => 21766,
          '13' => 13082,
          '257' => 11387,
          '105' => 6955,
          '85' => 15978,
          '3' => 1975,
          '185' => 16256,
          '248' => 29382,
          '111' => 26760,
          '9' => 9744,
          '146' => 24419,
          '38' => 12644,
          '4' => 3672,
          '34' => 19021,
          '164' => 25056,
          '196' => 10168,
          '242' => 10052
        };
