write intervals: 
$VAR1 = {
          '6' => 1,
          '3' => 5,
          '7' => 3,
          '2' => 42,
          '15' => 1,
          '20' => 1,
          '14' => 1,
          '1' => 898,
          '4' => 3,
          '18' => 1,
          '10' => 1,
          '5' => 2
        };
retention times: 
$VAR1 = {
          '67' => 35455,
          '90' => 2,
          '21' => 8059,
          '7' => 2,
          '17' => 26894,
          '2' => 8852,
          '119' => 1494,
          '166' => 34,
          '1' => 31889,
          '30' => 22,
          '16' => 4,
          '55' => 22131,
          '120' => 22,
          '28' => 1,
          '134' => 22,
          '95' => 2,
          '20' => 2,
          '112' => 27858,
          '59' => 2,
          '89' => 26,
          '24' => 18160,
          '10' => 8746,
          '11' => 2,
          '53' => 2,
          '91' => 23273,
          '22' => 1,
          '77' => 23,
          '0' => 22723,
          '46' => 2,
          '23' => 21,
          '29' => 1,
          '65' => 7,
          '6' => 3,
          '3' => 46854,
          '36' => 2,
          '138' => 158120,
          '9' => 1,
          '15' => 2,
          '47' => 1,
          '137' => 18,
          '8' => 13,
          '52' => 20,
          '4' => 13221,
          '60' => 1,
          '56' => 2,
          '66' => 87981,
          '117' => 10449,
          '76' => 10929233,
          '54' => 2,
          '5' => 2
        };
