write intervals: 
$VAR1 = {
          '3' => 5,
          '7' => 1,
          '2' => 102,
          '8' => 2,
          '1' => 87957,
          '4' => 4,
          '16' => 1,
          '5' => 2
        };
retention times: 
$VAR1 = {
          '127' => 5469,
          '32' => 2726,
          '90' => 349912,
          '118' => 519948,
          '71' => 300,
          '102' => 260836,
          '18' => 42709,
          '125' => 2316,
          '16' => 55597,
          '44' => 1246,
          '55' => 122,
          '84' => 239208,
          '27' => 2404097,
          '161' => 557,
          '95' => 508684,
          '57' => 249,
          '20' => 10959,
          '163' => 8,
          '109' => 467793,
          '151' => 265,
          '89' => 347628,
          '148' => 284,
          '31' => 562235,
          '35' => 262984,
          '11' => 15878062,
          '78' => 25598,
          '93' => 273447,
          '106' => 275865,
          '157' => 12,
          '65' => 1069,
          '29' => 1870608,
          '138' => 1445168,
          '114' => 2649029,
          '58' => 1266,
          '15' => 13839,
          '137' => 1908942,
          '81' => 1842,
          '60' => 362,
          '101' => 342454,
          '73' => 411,
          '86' => 6164,
          '76' => 82134,
          '62' => 239,
          '67' => 3381,
          '165' => 7973,
          '139' => 284751,
          '129' => 15892,
          '2' => 1362806,
          '17' => 88250,
          '110' => 284280,
          '82' => 373,
          '135' => 1,
          '14' => 1508180,
          '112' => 1511625,
          '69' => 68,
          '145' => 28737,
          '49' => 10365,
          '24' => 495351,
          '140' => 9593,
          '124' => 82186,
          '104' => 343455,
          '131' => 3,
          '121' => 3230,
          '79' => 18027,
          '154' => 1,
          '0' => 2285171,
          '23' => 268447,
          '96' => 2276201,
          '126' => 17317,
          '159' => 16,
          '160' => 3844,
          '47' => 1536,
          '8' => 12161,
          '98' => 3214381,
          '37' => 2464854,
          '117' => 187383,
          '43' => 6273,
          '5' => 477779,
          '33' => 649,
          '21' => 5447,
          '63' => 5818,
          '7' => 11959,
          '26' => 2367860,
          '80' => 2448,
          '119' => 908103,
          '99' => 2929080,
          '162' => 9554,
          '72' => 147,
          '74' => 619,
          '61' => 71,
          '108' => 289960,
          '115' => 316222,
          '92' => 716089,
          '103' => 209766,
          '10' => 14958942,
          '113' => 3219780,
          '142' => 27,
          '91' => 838047,
          '167' => 183069,
          '48' => 2365,
          '107' => 288062,
          '87' => 73,
          '77' => 44613,
          '133' => 1,
          '149' => 72708,
          '123' => 134374,
          '50' => 2302072,
          '39' => 171940,
          '64' => 2282,
          '97' => 3193400,
          '12' => 11139726,
          '41' => 4563,
          '52' => 1506704,
          '56' => 452,
          '45' => 982,
          '66' => 399,
          '19' => 28111,
          '54' => 34141,
          '70' => 99,
          '68' => 236,
          '166' => 19703,
          '1' => 3146228,
          '136' => 540813,
          '88' => 82039,
          '116' => 263032,
          '144' => 4985,
          '141' => 5804,
          '30' => 1256171,
          '100' => 300202,
          '128' => 9312,
          '25' => 170727,
          '28' => 1924540,
          '120' => 48477,
          '156' => 2,
          '134' => 239098,
          '75' => 308,
          '40' => 295195,
          '83' => 23,
          '59' => 240013,
          '150' => 604,
          '155' => 49,
          '53' => 2183357,
          '122' => 458721,
          '143' => 837,
          '158' => 5,
          '42' => 43725,
          '22' => 83323,
          '46' => 5394,
          '13' => 2915816,
          '105' => 242416,
          '6' => 270917,
          '85' => 1584,
          '36' => 3773313,
          '3' => 3194868,
          '94' => 298403,
          '146' => 2655,
          '51' => 2403005,
          '9' => 15612002,
          '111' => 449309,
          '38' => 1173016,
          '4' => 2789348,
          '34' => 2133,
          '164' => 215,
          '132' => 687
        };
