write intervals: 
$VAR1 = {
          '1' => 16798,
          '2' => 165
        };
retention times: 
$VAR1 = {
          '127' => 145919,
          '32' => 4007,
          '90' => 58661,
          '118' => 29568,
          '71' => 11489,
          '102' => 116,
          '18' => 80570,
          '125' => 110819,
          '16' => 100979,
          '44' => 5476,
          '55' => 985,
          '84' => 9780,
          '27' => 42989,
          '161' => 9472,
          '95' => 23374,
          '57' => 1101,
          '20' => 170911,
          '163' => 12872,
          '109' => 7403,
          '151' => 10166492,
          '89' => 66245,
          '148' => 7263192,
          '31' => 9963,
          '35' => 151,
          '11' => 72942,
          '78' => 98,
          '93' => 19643,
          '106' => 388,
          '157' => 1573,
          '65' => 56204,
          '29' => 10267,
          '138' => 111323,
          '114' => 89894,
          '58' => 1090,
          '153' => 2910,
          '15' => 81953,
          '137' => 120003,
          '81' => 3536,
          '60' => 6148,
          '101' => 3307,
          '73' => 111,
          '86' => 63687,
          '76' => 185876,
          '62' => 63740,
          '67' => 14745,
          '165' => 7170,
          '139' => 58927,
          '129' => 5501,
          '2' => 305994,
          '17' => 84374,
          '110' => 37886,
          '82' => 7492,
          '147' => 7121569,
          '135' => 90201,
          '14' => 146527,
          '112' => 85092,
          '69' => 12377,
          '145' => 203,
          '49' => 377,
          '24' => 595975,
          '140' => 28636,
          '124' => 578155,
          '104' => 267,
          '131' => 13037,
          '121' => 17296,
          '79' => 655,
          '154' => 7151,
          '0' => 213583,
          '23' => 39667,
          '96' => 42865,
          '126' => 354689,
          '159' => 1407,
          '160' => 30206,
          '47' => 3381,
          '8' => 12587233,
          '98' => 150077,
          '37' => 70,
          '117' => 12614,
          '43' => 3101,
          '5' => 10084941,
          '33' => 776,
          '21' => 101343,
          '63' => 66400,
          '7' => 5446681,
          '26' => 123599,
          '80' => 316,
          '119' => 30205,
          '99' => 51279,
          '162' => 13070,
          '72' => 1545,
          '74' => 97003,
          '61' => 7671,
          '108' => 5975,
          '115' => 21236,
          '92' => 43910,
          '103' => 917,
          '10' => 58695,
          '113' => 115398,
          '152' => 19,
          '142' => 21915,
          '91' => 28701,
          '167' => 12986,
          '48' => 219306,
          '107' => 13101,
          '87' => 66784,
          '77' => 1210,
          '133' => 59854,
          '149' => 6098972,
          '123' => 1358476,
          '50' => 2567,
          '39' => 505,
          '64' => 64235,
          '97' => 50833,
          '12' => 89397,
          '41' => 293,
          '52' => 471,
          '56' => 4458,
          '45' => 2646,
          '66' => 42752,
          '19' => 64142,
          '54' => 2421,
          '70' => 22063,
          '68' => 25917,
          '166' => 26666,
          '1' => 148924,
          '136' => 95139,
          '88' => 93850,
          '116' => 26374,
          '144' => 1127,
          '141' => 11946,
          '30' => 3124,
          '100' => 196253,
          '128' => 106971,
          '25' => 2764,
          '28' => 192585,
          '120' => 907,
          '156' => 5134,
          '134' => 55313,
          '40' => 599,
          '75' => 112,
          '83' => 20701,
          '59' => 13372,
          '150' => 7403987,
          '155' => 36461,
          '130' => 395,
          '53' => 8002,
          '122' => 972192,
          '143' => 12547,
          '158' => 67,
          '42' => 1599,
          '22' => 95569,
          '46' => 7754,
          '13' => 112579,
          '105' => 494,
          '6' => 7475746,
          '85' => 8872,
          '36' => 295,
          '3' => 254019,
          '94' => 28360,
          '146' => 8285400,
          '51' => 212,
          '9' => 882370,
          '111' => 70016,
          '38' => 26100,
          '4' => 10302498,
          '34' => 910,
          '164' => 4603,
          '132' => 19247
        };
