write intervals: 
$VAR1 = {
          '1' => 62479,
          '2' => 167
        };
retention times: 
$VAR1 = {
          '127' => 783,
          '32' => 247,
          '90' => 17,
          '118' => 13442,
          '71' => 17620,
          '102' => 175,
          '18' => 361,
          '125' => 227,
          '16' => 933,
          '44' => 1723,
          '55' => 2727,
          '84' => 8669,
          '27' => 52,
          '161' => 12882,
          '95' => 546,
          '57' => 574,
          '20' => 239,
          '163' => 405,
          '109' => 308,
          '151' => 895,
          '89' => 819,
          '31' => 1214,
          '35' => 436,
          '11' => 14111,
          '78' => 3393,
          '93' => 341,
          '106' => 995,
          '157' => 409,
          '65' => 2207,
          '29' => 8917,
          '114' => 735,
          '58' => 4349,
          '153' => 8341,
          '15' => 686,
          '137' => 641,
          '81' => 2495,
          '60' => 28,
          '101' => 31,
          '73' => 8834,
          '86' => 1286,
          '76' => 8943,
          '62' => 1390,
          '67' => 129,
          '165' => 840,
          '139' => 1,
          '129' => 543,
          '2' => 3384,
          '17' => 3655,
          '110' => 2625,
          '82' => 2471,
          '147' => 16464,
          '135' => 10,
          '14' => 2237,
          '112' => 27,
          '69' => 711,
          '145' => 882,
          '49' => 536,
          '24' => 4223,
          '124' => 2,
          '104' => 3,
          '131' => 2,
          '121' => 1980,
          '79' => 955,
          '154' => 2245,
          '0' => 24039,
          '23' => 173,
          '96' => 25,
          '126' => 709,
          '159' => 11,
          '160' => 1008,
          '47' => 14853,
          '8' => 1254,
          '98' => 20,
          '37' => 1607,
          '117' => 273,
          '43' => 301,
          '5' => 1154,
          '33' => 13198,
          '21' => 10629,
          '63' => 430,
          '7' => 2218,
          '26' => 309,
          '80' => 490,
          '119' => 8672,
          '99' => 1562,
          '162' => 12,
          '72' => 2476,
          '74' => 6176,
          '61' => 318,
          '108' => 6,
          '115' => 31,
          '92' => 11892,
          '103' => 858,
          '10' => 2523,
          '113' => 8169,
          '152' => 15510,
          '142' => 8965,
          '91' => 5,
          '167' => 22,
          '48' => 108,
          '107' => 3,
          '87' => 249,
          '77' => 10404,
          '133' => 288,
          '149' => 213,
          '123' => 10719,
          '50' => 5179,
          '39' => 458,
          '64' => 5852,
          '97' => 15967,
          '12' => 1154,
          '41' => 1097,
          '52' => 180,
          '56' => 153,
          '45' => 1696,
          '66' => 12145,
          '19' => 2733,
          '54' => 4358,
          '70' => 847,
          '68' => 522,
          '166' => 191,
          '1' => 32423,
          '136' => 3,
          '88' => 1665,
          '116' => 17,
          '144' => 6176,
          '141' => 24,
          '30' => 326,
          '100' => 978,
          '25' => 12824,
          '128' => 13,
          '28' => 914,
          '120' => 9,
          '156' => 10,
          '134' => 1083,
          '40' => 394,
          '75' => 21304,
          '83' => 25,
          '59' => 84,
          '150' => 230,
          '130' => 1144,
          '53' => 499,
          '122' => 9,
          '143' => 14878,
          '158' => 1114,
          '42' => 4613,
          '22' => 3557,
          '46' => 4230,
          '13' => 852,
          '105' => 10581,
          '6' => 1120,
          '85' => 410,
          '36' => 221,
          '3' => 18744,
          '94' => 301,
          '146' => 310,
          '51' => 1251,
          '9' => 5479,
          '111' => 207,
          '38' => 5492,
          '4' => 10043,
          '34' => 9151,
          '132' => 2791
        };
