write intervals: 
$VAR1 = {
          '6' => 3,
          '3' => 9,
          '7' => 3,
          '9' => 2,
          '2' => 27,
          '1' => 220,
          '4' => 11,
          '10' => 1,
          '5' => 6
        };
retention times: 
$VAR1 = {
          '127' => 429,
          '32' => 710,
          '90' => 6538,
          '118' => 5457,
          '71' => 1106,
          '102' => 1426,
          '18' => 2289,
          '125' => 5043,
          '16' => 7121,
          '44' => 968,
          '55' => 1085,
          '84' => 1570,
          '27' => 365,
          '161' => 116,
          '95' => 999,
          '57' => 2886,
          '20' => 1437,
          '163' => 901,
          '109' => 3236,
          '151' => 86451,
          '89' => 4258,
          '148' => 438,
          '31' => 2553,
          '35' => 529,
          '11' => 7566,
          '78' => 946,
          '93' => 7025,
          '106' => 4515,
          '157' => 81638,
          '65' => 6595,
          '29' => 582,
          '138' => 48,
          '114' => 1130,
          '58' => 2233,
          '153' => 270,
          '15' => 21073,
          '137' => 6330,
          '81' => 109,
          '60' => 5200,
          '101' => 20095,
          '73' => 867,
          '76' => 171,
          '86' => 1367,
          '62' => 4424,
          '67' => 1161,
          '165' => 7055,
          '139' => 262,
          '129' => 3474,
          '2' => 13206,
          '17' => 2714,
          '110' => 1441,
          '82' => 116,
          '147' => 1159,
          '135' => 964,
          '14' => 8194,
          '112' => 15,
          '69' => 13978,
          '145' => 868,
          '49' => 335,
          '24' => 13434,
          '140' => 27,
          '124' => 221,
          '104' => 1025,
          '131' => 9978,
          '121' => 236,
          '79' => 654,
          '154' => 23555,
          '0' => 58280,
          '23' => 3807,
          '96' => 1502,
          '126' => 563,
          '159' => 84695,
          '160' => 644,
          '47' => 750,
          '8' => 15095,
          '98' => 294,
          '37' => 4035,
          '117' => 4058,
          '43' => 1689,
          '5' => 18667,
          '33' => 791,
          '21' => 5384,
          '63' => 5424,
          '7' => 18666,
          '26' => 862,
          '80' => 137,
          '119' => 475,
          '99' => 16091,
          '162' => 1239,
          '72' => 3244,
          '74' => 30,
          '61' => 2480,
          '108' => 1010,
          '115' => 3432,
          '92' => 7708,
          '103' => 783,
          '10' => 5766,
          '113' => 5036,
          '152' => 875,
          '142' => 49,
          '91' => 2253,
          '48' => 1104,
          '107' => 10402,
          '87' => 918,
          '77' => 82,
          '133' => 415,
          '149' => 7184,
          '123' => 456,
          '50' => 283,
          '39' => 2582,
          '64' => 3605,
          '97' => 1143,
          '12' => 12616,
          '41' => 5939,
          '52' => 375,
          '56' => 1554,
          '45' => 8670,
          '66' => 3038,
          '19' => 1332,
          '54' => 1248,
          '70' => 2820,
          '68' => 695,
          '166' => 1736,
          '1' => 31706,
          '136' => 231,
          '88' => 325,
          '116' => 93,
          '144' => 57,
          '141' => 2155,
          '30' => 1787,
          '100' => 27798,
          '128' => 186,
          '25' => 2872,
          '28' => 761,
          '120' => 4,
          '156' => 16874,
          '134' => 55,
          '40' => 822,
          '83' => 239,
          '75' => 88,
          '59' => 956,
          '150' => 41239,
          '155' => 9550,
          '130' => 8725,
          '53' => 853,
          '122' => 102,
          '143' => 256,
          '158' => 80451,
          '42' => 3664,
          '22' => 4908,
          '46' => 1033,
          '13' => 4898,
          '105' => 1649,
          '6' => 25832,
          '85' => 3296,
          '36' => 2172,
          '3' => 11293,
          '94' => 6467,
          '146' => 2266,
          '51' => 185,
          '9' => 12630,
          '111' => 665,
          '38' => 2887,
          '4' => 13250,
          '34' => 284,
          '164' => 1192,
          '132' => 1681
        };
