write intervals: 
$VAR1 = {
          '1' => 19723,
          '2' => 167
        };
retention times: 
$VAR1 = {
          '127' => 11693,
          '32' => 23663,
          '90' => 615461,
          '118' => 551683,
          '71' => 1822,
          '102' => 6277409,
          '18' => 477024,
          '125' => 21995,
          '16' => 205765,
          '44' => 10076,
          '55' => 71886,
          '84' => 12199,
          '27' => 29196,
          '161' => 66257,
          '95' => 168775,
          '57' => 9243,
          '20' => 149520,
          '163' => 781653,
          '109' => 10505,
          '151' => 32142,
          '89' => 123614,
          '148' => 22950,
          '31' => 62468,
          '35' => 25893,
          '11' => 120224,
          '78' => 19140,
          '93' => 520472,
          '106' => 14843,
          '157' => 126936,
          '65' => 39914,
          '29' => 25981,
          '138' => 216594,
          '114' => 106596,
          '58' => 13580,
          '153' => 13598,
          '15' => 93544,
          '137' => 43148,
          '81' => 14573,
          '60' => 19680,
          '101' => 820327,
          '73' => 10180,
          '86' => 58611,
          '76' => 32883,
          '62' => 57536,
          '67' => 11091,
          '165' => 55783,
          '139' => 450467,
          '129' => 10288,
          '2' => 301873,
          '17' => 399586,
          '110' => 56866,
          '82' => 14129,
          '147' => 34001,
          '135' => 236205,
          '14' => 155963,
          '112' => 206487,
          '69' => 2006,
          '145' => 15668,
          '49' => 2801,
          '24' => 507244,
          '140' => 187272,
          '124' => 29605,
          '104' => 32636,
          '131' => 41685,
          '121' => 152596,
          '79' => 15231,
          '154' => 14589,
          '0' => 813345,
          '23' => 652665,
          '96' => 57422,
          '126' => 28800,
          '159' => 20793,
          '160' => 17656,
          '47' => 5259,
          '8' => 69143,
          '98' => 78943,
          '37' => 44234,
          '117' => 395194,
          '43' => 18601,
          '5' => 87109,
          '33' => 29422,
          '21' => 100517,
          '63' => 22031,
          '7' => 60096,
          '26' => 112181,
          '80' => 21998,
          '119' => 122881,
          '99' => 48436,
          '162' => 160090,
          '72' => 44724,
          '74' => 51928,
          '61' => 15783,
          '108' => 17563,
          '115' => 95759,
          '92' => 843776,
          '103' => 43871,
          '10' => 87789,
          '113' => 426598,
          '152' => 16745,
          '142' => 142064,
          '91' => 209146,
          '167' => 38636,
          '48' => 19257,
          '107' => 11122,
          '87' => 19485,
          '77' => 19102,
          '133' => 12427,
          '149' => 684563,
          '123' => 39775,
          '50' => 25964,
          '39' => 222557,
          '64' => 213598,
          '97' => 51500,
          '12' => 185181,
          '41' => 23851,
          '52' => 22846,
          '56' => 38680,
          '45' => 30717,
          '66' => 15840,
          '19' => 54256,
          '54' => 24629,
          '70' => 1590,
          '68' => 8254,
          '166' => 16207,
          '1' => 587621,
          '136' => 96923,
          '88' => 69225,
          '116' => 192973,
          '144' => 14024,
          '141' => 331057,
          '30' => 15729,
          '100' => 75278,
          '128' => 13167,
          '25' => 33280,
          '28' => 61148,
          '120' => 65781,
          '156' => 10815,
          '134' => 55010,
          '40' => 28926,
          '75' => 48377,
          '83' => 30442,
          '59' => 28781,
          '150' => 29706,
          '155' => 12992,
          '130' => 14787,
          '53' => 16392,
          '122' => 113134,
          '143' => 26048,
          '158' => 42161,
          '42' => 19770,
          '22' => 39472,
          '46' => 47780,
          '13' => 135067,
          '105' => 65942,
          '6' => 71215,
          '85' => 25488,
          '36' => 23473,
          '3' => 242817,
          '94' => 167926,
          '146' => 39803,
          '51' => 24131,
          '9' => 64439,
          '111' => 56119,
          '38' => 79327,
          '4' => 237035,
          '34' => 22703,
          '164' => 705832,
          '132' => 10593
        };
