@@@@@@@@@ cur_hour: 0 0 0
@@@@@@@@@ cur_hour: 0 3151.323882 0
@@@@@@@@@ cur_hour: 5 15395.5568 3151.323882
@@@@@@@@@ cur_hour: 88 298715.395277 18546.880682
@@@@@@@@@ cur_hour: 89 3151.323882 317262.275959
@@@@@@@@@ cur_hour: 93 15395.5568 320413.599841
@@@@@@@@@ cur_hour: 168 270691.152896 335809.156641
write intervals: 
$VAR1 = {
          '1' => 1,
          '71' => 1,
          '3' => 3,
          '10' => 1,
          '2' => 13
        };
retention times: 
$VAR1 = {
          '127' => 263,
          '11' => 420452,
          '90' => 2214868,
          '7' => 1424741,
          '91' => 2086413,
          '80' => 1133,
          '2' => 2215004,
          '99' => 560546,
          '1' => 2278929,
          '93' => 1564639,
          '88' => 1991815,
          '0' => 2253284,
          '96' => 1313280,
          '82' => 2,
          '6' => 1503059,
          '95' => 1429632,
          '3' => 2030325,
          '97' => 1194484,
          '94' => 1516789,
          '9' => 1178534,
          '92' => 1638749,
          '8' => 1295786,
          '38' => 263,
          '52' => 192,
          '98' => 1065066,
          '4' => 1618982,
          '89' => 2250335,
          '10' => 1062960,
          '140' => 192,
          '5' => 1544846
        };
