write intervals: 
$VAR1 = {
          '6' => 1,
          '33' => 1,
          '3' => 2,
          '9' => 1,
          '12' => 2,
          '17' => 1,
          '2' => 56,
          '14' => 1,
          '4' => 1,
          '1' => 1419,
          '5' => 2
        };
retention times: 
$VAR1 = {
          '127' => 5,
          '32' => 57667,
          '90' => 14184,
          '118' => 234,
          '71' => 999,
          '18' => 124902,
          '125' => 2,
          '16' => 60729,
          '44' => 118340,
          '55' => 189,
          '27' => 1838,
          '161' => 1080,
          '95' => 62074,
          '57' => 6,
          '20' => 49302,
          '163' => 364,
          '89' => 2219,
          '148' => 466,
          '31' => 3982,
          '35' => 3,
          '11' => 3597,
          '78' => 1493,
          '93' => 23843,
          '29' => 17,
          '65' => 1136,
          '138' => 255,
          '114' => 45338,
          '15' => 2499,
          '137' => 25643,
          '60' => 4,
          '101' => 43,
          '73' => 7523,
          '86' => 2,
          '76' => 358,
          '62' => 29,
          '67' => 410,
          '165' => 1227,
          '139' => 136986,
          '2' => 194198,
          '17' => 7653,
          '82' => 1,
          '147' => 394,
          '135' => 11,
          '14' => 114257,
          '112' => 4493,
          '69' => 209,
          '145' => 586,
          '49' => 41,
          '24' => 2419,
          '140' => 588,
          '124' => 53,
          '104' => 4,
          '131' => 4,
          '121' => 249,
          '79' => 4005,
          '0' => 138261,
          '23' => 8571,
          '96' => 10730,
          '126' => 2,
          '159' => 305,
          '160' => 314,
          '47' => 401,
          '8' => 113994,
          '98' => 2624,
          '37' => 1,
          '117' => 9598,
          '43' => 278,
          '5' => 226660,
          '33' => 20,
          '21' => 26975,
          '63' => 129,
          '7' => 3127,
          '26' => 120272,
          '80' => 57753,
          '119' => 68056,
          '99' => 96,
          '162' => 1505,
          '72' => 1108,
          '74' => 291,
          '61' => 17,
          '115' => 1904,
          '92' => 4817,
          '10' => 113298,
          '113' => 7180,
          '152' => 4,
          '142' => 966,
          '91' => 2927,
          '167' => 66303,
          '48' => 2459,
          '87' => 237,
          '77' => 153,
          '149' => 413,
          '123' => 528,
          '50' => 223,
          '39' => 152,
          '64' => 610,
          '97' => 12806,
          '12' => 102,
          '41' => 1669,
          '52' => 11,
          '56' => 53712,
          '45' => 160,
          '66' => 610,
          '19' => 34033,
          '54' => 16,
          '70' => 2792,
          '68' => 788,
          '166' => 98,
          '1' => 259130,
          '88' => 1429,
          '116' => 5211,
          '136' => 31,
          '30' => 56845,
          '141' => 67,
          '144' => 1183,
          '100' => 274,
          '25' => 16602,
          '28' => 949,
          '120' => 15440,
          '156' => 1,
          '40' => 58884,
          '75' => 568,
          '134' => 3,
          '59' => 6,
          '150' => 175,
          '53' => 12,
          '122' => 2039,
          '143' => 1081,
          '22' => 116847,
          '42' => 309,
          '46' => 322,
          '13' => 175,
          '6' => 214969,
          '3' => 192723,
          '36' => 2,
          '94' => 94772,
          '146' => 74,
          '51' => 174,
          '9' => 48,
          '111' => 320,
          '38' => 4,
          '4' => 141072,
          '34' => 6,
          '164' => 379
        };
